<?xml version="1.0" encoding="UTF-8"?>
<!-- Generated by org.testng.reporters.JUnitReportReporter -->
<testsuite hostname="DESKTOP-AHN9VBG" failures="0" tests="1" name="org.TestCases.TCs_ScheduleDemoPage" time="9.393" errors="0" timestamp="2024-09-10T02:56:30 IST" skipped="0">
  <testcase classname="org.TestCases.TCs_ScheduleDemoPage" name="verifyTheScheduleDemoFunctionalityWithValidCredentials" time="9.393"/>
  <system-out/>
</testsuite> <!-- org.TestCases.TCs_ScheduleDemoPage -->
