<?xml version="1.0" encoding="UTF-8"?>
<!-- Generated by org.testng.reporters.JUnitReportReporter -->
<testsuite hostname="DESKTOP-AHN9VBG" failures="0" tests="1" name="org.TestCases.TCs_WatchDemoPage" time="11.634" errors="0" timestamp="2024-09-10T02:58:58 IST" skipped="0">
  <testcase classname="org.TestCases.TCs_WatchDemoPage" name="verifyTheScheduleDemoFunctionalityWithValidCredentials" time="11.634"/>
  <system-out/>
</testsuite> <!-- org.TestCases.TCs_WatchDemoPage -->
